<?xml version="1.0" encoding="UTF-8"?>
<!-- Generated by org.testng.reporters.JUnitXMLReporter -->
<testsuite ignored="0" hostname="000D2023258" failures="0" tests="4" name="Vehicle Number Capturing" time="54.36" errors="0" timestamp="2023-12-20T10:38:50 CST">
  <testcase classname="entryEncoder.CarCaptureTest" name="CarNumberCapturing" time="12.563"/>
  <testcase classname="entryEncoder.CarCaptureTest" name="SearchTest" time="2.259"/>
  <testcase classname="entryEncoder.MotorcycleCaptureTest" name="MotorcycleCapture" time="11.78"/>
  <testcase classname="entryEncoder.MotorcycleCaptureTest" name="SearchTest" time="2.242"/>
</testsuite> <!-- Vehicle Number Capturing -->
