<?xml version="1.0" encoding="UTF-8"?>
<!-- Generated by org.testng.reporters.JUnitXMLReporter -->
<testsuite ignored="0" hostname="000D2023258" failures="0" tests="3" name="Car Number Capturing" time="30.502" errors="0" timestamp="2023-12-18T16:49:00 CST">
  <testcase classname="entryEncoder.CarCaptureTest" name="AppLogin" time="5.664"/>
  <testcase classname="entryEncoder.CarCaptureTest" name="CarNumberCapturing" time="13.203"/>
  <testcase classname="entryEncoder.CarCaptureTest" name="SearchTest" time="2.409"/>
</testsuite> <!-- Car Number Capturing -->
