<?xml version="1.0" encoding="UTF-8"?>
<!-- Generated by org.testng.reporters.JUnitXMLReporter -->
<testsuite ignored="0" hostname="000D2023258" failures="4" tests="8" name="End to End" time="29.621" errors="0" timestamp="2023-12-18T17:27:32 CST">
  <testcase classname="entryEncoder.MotorcycleCaptureTest" name="@AfterClass LogoutApp" time="0.002">
    <failure type="java.lang.NullPointerException" message="Cannot invoke &amp;quot;org.openqa.selenium.WebDriver.findElement(org.openqa.selenium.By)&amp;quot; because &amp;quot;this.driver&amp;quot; is null">
      <![CDATA[java.lang.NullPointerException: Cannot invoke "org.openqa.selenium.WebDriver.findElement(org.openqa.selenium.By)" because "this.driver" is null
at entryEncoder.MotorcycleCaptureTest.LogoutApp(MotorcycleCaptureTest.java:76)
at java.base/java.util.ArrayList.forEach(ArrayList.java:1596)
... Removed 24 stack frames]]>
    </failure>
  </testcase> <!-- @AfterClass LogoutApp -->
  <testcase classname="entryEncoder.EncoderTest" name="AppLogin" time="11.789"/>
  <testcase classname="entryEncoder.EncoderTest" name="CaptureVehicleUIValidation" time="0.209"/>
  <testcase classname="entryEncoder.EncoderTest" name="ProfileSwitching" time="3.353"/>
  <testcase classname="entryEncoder.EncoderTest" name="ViewParkedVehiclesUIValidation" time="0.195"/>
  <testcase classname="entryEncoder.CarCaptureTest" name="CarNumberCapturing" time="0.007">
    <failure type="java.lang.NullPointerException" message="Cannot invoke &amp;quot;org.openqa.selenium.WebDriver.manage()&amp;quot; because &amp;quot;this.driver&amp;quot; is null">
      <![CDATA[java.lang.NullPointerException: Cannot invoke "org.openqa.selenium.WebDriver.manage()" because "this.driver" is null
at entryEncoder.CarCaptureTest.CarNumberCapturing(CarCaptureTest.java:106)
at java.base/java.util.ArrayList.forEach(ArrayList.java:1596)
... Removed 25 stack frames]]>
    </failure>
  </testcase> <!-- CarNumberCapturing -->
  <testcase classname="entryEncoder.CarCaptureTest" name="SearchTest" time="0.002">
    <failure type="java.lang.NullPointerException" message="Cannot invoke &amp;quot;org.openqa.selenium.WebDriver.manage()&amp;quot; because &amp;quot;this.driver&amp;quot; is null">
      <![CDATA[java.lang.NullPointerException: Cannot invoke "org.openqa.selenium.WebDriver.manage()" because "this.driver" is null
at entryEncoder.CarCaptureTest.SearchTest(CarCaptureTest.java:174)
at java.base/java.util.ArrayList.forEach(ArrayList.java:1596)
... Removed 25 stack frames]]>
    </failure>
  </testcase> <!-- SearchTest -->
  <testcase classname="entryEncoder.MotorcycleCaptureTest" name="MotorcycleCapture" time="0.002">
    <failure type="java.lang.NullPointerException" message="Cannot invoke &amp;quot;org.openqa.selenium.WebDriver.manage()&amp;quot; because &amp;quot;this.driver&amp;quot; is null">
      <![CDATA[java.lang.NullPointerException: Cannot invoke "org.openqa.selenium.WebDriver.manage()" because "this.driver" is null
at entryEncoder.MotorcycleCaptureTest.MotorcycleCapture(MotorcycleCaptureTest.java:108)
at java.base/java.util.ArrayList.forEach(ArrayList.java:1596)
... Removed 25 stack frames]]>
    </failure>
  </testcase> <!-- MotorcycleCapture -->
  <testcase classname="entryEncoder.MotorcycleCaptureTest" name="SearchTest" time="0.002">
    <failure type="java.lang.NullPointerException" message="Cannot invoke &amp;quot;org.openqa.selenium.WebDriver.manage()&amp;quot; because &amp;quot;this.driver&amp;quot; is null">
      <![CDATA[java.lang.NullPointerException: Cannot invoke "org.openqa.selenium.WebDriver.manage()" because "this.driver" is null
at entryEncoder.MotorcycleCaptureTest.SearchTest(MotorcycleCaptureTest.java:175)
at java.base/java.util.ArrayList.forEach(ArrayList.java:1596)
... Removed 25 stack frames]]>
    </failure>
  </testcase> <!-- SearchTest -->
</testsuite> <!-- End to End -->
