<?xml version="1.0" encoding="UTF-8"?>
<!-- Generated by org.testng.reporters.JUnitXMLReporter -->
<testsuite ignored="0" hostname="000D2023258" failures="0" tests="4" name="Test2" time="19.414" errors="0" timestamp="2023-12-18T19:36:47 CST">
  <testcase classname="entryEncoder.CarCaptureTest" name="CarNumberCapturing" time="0.0">
    <skipped/>
  </testcase> <!-- CarNumberCapturing -->
  <testcase classname="entryEncoder.CarCaptureTest" name="SearchTest" time="0.0">
    <skipped/>
  </testcase> <!-- SearchTest -->
  <testcase classname="entryEncoder.MotorcycleCaptureTest" name="MotorcycleCapture" time="0.0">
    <skipped/>
  </testcase> <!-- MotorcycleCapture -->
  <testcase classname="entryEncoder.MotorcycleCaptureTest" name="SearchTest" time="0.0">
    <skipped/>
  </testcase> <!-- SearchTest -->
</testsuite> <!-- Test2 -->
