<?xml version="1.0" encoding="UTF-8"?>
<!-- Generated by org.testng.reporters.JUnitXMLReporter -->
<testsuite ignored="0" hostname="000D2023258" failures="2" tests="2" name="Vehicle Number Capturing" time="0.022" errors="0" timestamp="2023-12-28T17:42:23 CST">
  <testcase classname="entryEncoder.CarCaptureTest" name="CarNumberCapturing" time="0.004">
    <failure type="java.io.FileNotFoundException" message="data.properties (The system cannot find the file specified)">
      <![CDATA[java.io.FileNotFoundException: data.properties (The system cannot find the file specified)
at java.base/java.io.FileInputStream.open0(Native Method)
at java.base/java.io.FileInputStream.open(FileInputStream.java:213)
at java.base/java.io.FileInputStream.<init>(FileInputStream.java:152)
at java.base/java.io.FileInputStream.<init>(FileInputStream.java:106)
at entryEncoder.CarCaptureTest.CarNumberCapturing(CarCaptureTest.java:36)
at java.base/java.util.ArrayList.forEach(ArrayList.java:1596)
... Removed 25 stack frames]]>
    </failure>
  </testcase> <!-- CarNumberCapturing -->
  <testcase classname="entryEncoder.MotorcycleCaptureTest" name="MotorcycleCapture" time="0.006">
    <failure type="java.io.FileNotFoundException" message="data.properties (The system cannot find the file specified)">
      <![CDATA[java.io.FileNotFoundException: data.properties (The system cannot find the file specified)
at java.base/java.io.FileInputStream.open0(Native Method)
at java.base/java.io.FileInputStream.open(FileInputStream.java:213)
at java.base/java.io.FileInputStream.<init>(FileInputStream.java:152)
at java.base/java.io.FileInputStream.<init>(FileInputStream.java:106)
at entryEncoder.MotorcycleCaptureTest.MotorcycleCapture(MotorcycleCaptureTest.java:39)
at java.base/java.util.ArrayList.forEach(ArrayList.java:1596)
... Removed 25 stack frames]]>
    </failure>
  </testcase> <!-- MotorcycleCapture -->
</testsuite> <!-- Vehicle Number Capturing -->
