<?xml version="1.0" encoding="UTF-8"?>
<!-- Generated by org.testng.reporters.JUnitXMLReporter -->
<testsuite ignored="0" hostname="000D2023258" failures="0" tests="4" name="Login" time="57.152" errors="0" timestamp="2023-12-18T16:48:09 CST">
  <testcase classname="entryEncoder.LoginTest" name="AppLogin" time="4.239"/>
  <testcase classname="entryEncoder.LoginTest" name="AppLogin" time="1.595"/>
  <testcase classname="entryEncoder.LoginTest" name="AppLogin" time="1.498"/>
  <testcase classname="entryEncoder.LoginTest" name="AppLogin" time="2.249"/>
</testsuite> <!-- Login -->
