<?xml version="1.0" encoding="UTF-8"?>
<!-- Generated by org.testng.reporters.JUnitXMLReporter -->
<testsuite ignored="0" hostname="000D2023258" failures="0" tests="3" name="Motorcycle Number Capturing" time="29.436" errors="0" timestamp="2023-12-18T16:49:29 CST">
  <testcase classname="entryEncoder.MotorcycleCaptureTest" name="AppLogin" time="5.701"/>
  <testcase classname="entryEncoder.MotorcycleCaptureTest" name="MotorcycleCapture" time="11.978"/>
  <testcase classname="entryEncoder.MotorcycleCaptureTest" name="SearchTest" time="2.339"/>
</testsuite> <!-- Motorcycle Number Capturing -->
