<?xml version="1.0" encoding="UTF-8"?>
<!-- Generated by org.testng.reporters.JUnitXMLReporter -->
<testsuite ignored="0" hostname="000D2023258" failures="0" tests="4" name="UI Test" time="19.633" errors="0" timestamp="2023-12-18T16:48:29 CST">
  <testcase classname="entryEncoder.EncoderTest" name="AppLogin" time="6.19"/>
  <testcase classname="entryEncoder.EncoderTest" name="CaptureVehicleUIValidation" time="0.223"/>
  <testcase classname="entryEncoder.EncoderTest" name="ProfileSwitching" time="3.382"/>
  <testcase classname="entryEncoder.EncoderTest" name="ViewParkedVehiclesUIValidation" time="0.231"/>
</testsuite> <!-- UI Test -->
