<?xml version="1.0" encoding="UTF-8"?>
<!-- Generated by org.testng.reporters.JUnitXMLReporter -->
<testsuite ignored="0" hostname="000D2023258" failures="0" tests="7" name="E2E Test" time="61.516" errors="0" timestamp="2023-12-29T12:20:54 CST">
  <testcase classname="entryEncoder.EncoderTest" name="AppLogin" time="17.923"/>
  <testcase classname="entryEncoder.EncoderTest" name="CaptureVehicleUIValidation" time="0.235"/>
  <testcase classname="entryEncoder.EncoderTest" name="ProfileSwitching" time="3.338"/>
  <testcase classname="entryEncoder.EncoderTest" name="ViewParkedVehiclesUIValidation" time="0.205"/>
  <testcase classname="entryEncoder.EncoderTest" name="CarNumberCapturing" time="11.53"/>
  <testcase classname="entryEncoder.EncoderTest" name="MotorcycleCapture" time="9.379"/>
  <testcase classname="entryEncoder.EncoderTest" name="SearchTest" time="2.542"/>
</testsuite> <!-- E2E Test -->
