<?xml version="1.0" encoding="UTF-8"?>
<!-- Generated by org.testng.reporters.JUnitXMLReporter -->
<testsuite ignored="0" hostname="000D2023258" failures="0" tests="3" name="Login Test" time="58.76" errors="0" timestamp="2024-01-08T09:12:19 CST">
  <testcase classname="encoderapp.Test.ErrorValidations" name="loginWithInvalidPassword" time="9.051"/>
  <testcase classname="encoderapp.Test.ErrorValidations" name="loginWithInvalidUserName" time="0.805"/>
  <testcase classname="encoderapp.Test.ErrorValidations" name="loginWithoutAccess" time="2.565"/>
</testsuite> <!-- Login Test -->
