<?xml version="1.0" encoding="UTF-8"?>
<!-- Generated by org.testng.reporters.JUnitXMLReporter -->
<testsuite ignored="0" hostname="000D2023258" failures="1" tests="1" name="ProfileSwitch Test" time="43.744" errors="0" timestamp="2024-01-08T09:12:04 CST">
  <testcase classname="encoderapp.Test.ProfileSwitchingTest" name="profileSwitch" time="19.869">
    <failure type="java.lang.AssertionError" message="expected [Entry Encoder] but found [Exit Encoder]">
      <![CDATA[java.lang.AssertionError: expected [Entry Encoder] but found [Exit Encoder]
at encoderapp.Test.ProfileSwitchingTest.profileSwitch(ProfileSwitchingTest.java:22)
at java.base/java.util.ArrayList.forEach(ArrayList.java:1596)
at java.base/java.util.concurrent.FutureTask.run(FutureTask.java:317)
at java.base/java.util.concurrent.ThreadPoolExecutor.runWorker(ThreadPoolExecutor.java:1144)
at java.base/java.util.concurrent.ThreadPoolExecutor$Worker.run(ThreadPoolExecutor.java:642)
at java.base/java.lang.Thread.run(Thread.java:1583)
... Removed 21 stack frames]]>
    </failure>
  </testcase> <!-- profileSwitch -->
</testsuite> <!-- ProfileSwitch Test -->
