<?xml version="1.0" encoding="UTF-8"?>
<!-- Generated by org.testng.reporters.JUnitXMLReporter -->
<testsuite ignored="0" hostname="000D2023258" failures="0" tests="7" name="E2E Test" time="58.201" errors="0" timestamp="2023-12-20T14:16:29 CST">
  <testcase classname="entryEncoder.EncoderTest" name="AppLogin" time="13.246"/>
  <testcase classname="entryEncoder.EncoderTest" name="CaptureVehicleUIValidation" time="0.231"/>
  <testcase classname="entryEncoder.EncoderTest" name="ProfileSwitching" time="3.3"/>
  <testcase classname="entryEncoder.EncoderTest" name="ViewParkedVehiclesUIValidation" time="0.2"/>
  <testcase classname="entryEncoder.EncoderTest" name="CarNumberCapturing" time="12.112"/>
  <testcase classname="entryEncoder.EncoderTest" name="MotorcycleCapture" time="10.065"/>
  <testcase classname="entryEncoder.EncoderTest" name="SearchTest" time="2.505"/>
</testsuite> <!-- E2E Test -->
