<?xml version="1.0" encoding="UTF-8"?>
<!-- Generated by org.testng.reporters.JUnitXMLReporter -->
<testsuite ignored="0" hostname="000D2023258" failures="0" tests="3" name="LoginTest" time="67.099" errors="0" timestamp="2024-01-07T20:02:14 CST">
  <testcase classname="encoderapp.Test.ErrorValidations" name="loginWithInvalidPassword" time="9.681"/>
  <testcase classname="encoderapp.Test.ErrorValidations" name="loginWithInvalidUserName" time="1.586"/>
  <testcase classname="encoderapp.Test.ErrorValidations" name="loginWithoutAccess" time="3.185"/>
</testsuite> <!-- LoginTest -->
