<?xml version="1.0" encoding="UTF-8"?>
<!-- Generated by org.testng.reporters.JUnitXMLReporter -->
<testsuite ignored="0" hostname="000D2023258" failures="0" tests="5" name="Login Test" time="54.236" errors="0" timestamp="2023-12-20T10:37:56 CST">
  <testcase classname="entryEncoder.LoginWithAccess" name="AppLogin" time="19.142"/>
  <testcase classname="entryEncoder.LoginWithoutAccess" name="LoginWithoutPermission" time="0.789"/>
  <testcase classname="entryEncoder.LoginWithoutAccess" name="LoginWithoutPermission" time="0.39"/>
  <testcase classname="entryEncoder.LoginWithoutAccess" name="LoginWithoutPermission" time="0.642"/>
  <testcase classname="entryEncoder.LoginWithoutAccess" name="LoginWithoutPermission" time="0.491"/>
</testsuite> <!-- Login Test -->
