<?xml version="1.0" encoding="UTF-8"?>
<!-- Generated by org.testng.reporters.JUnitXMLReporter -->
<testsuite ignored="0" hostname="000D2023258" failures="0" tests="3" name="Login Test" time="102.874" errors="0" timestamp="2024-01-08T09:58:27 CST">
  <testcase classname="encoderapp.Test.ErrorValidations" name="loginWithInvalidPassword" time="9.61"/>
  <testcase classname="encoderapp.Test.ErrorValidations" name="loginWithInvalidUserName" time="1.099"/>
  <testcase classname="encoderapp.Test.ErrorValidations" name="loginWithoutAccess" time="3.245"/>
</testsuite> <!-- Login Test -->
